<?xml version="1.0" encoding="UTF-8"?>
<testsuite name="com.mindex.challenge.service.impl.ReportingStructureServiceImplTests" tests="1" skipped="0" failures="0" errors="0" timestamp="2023-04-24T21:58:34" hostname="Ashleys-MacBook-Pro.local" time="0.542">
  <properties/>
  <testcase name="testGetReportingStructure" classname="com.mindex.challenge.service.impl.ReportingStructureServiceImplTests" time="0.542"/>
  <system-out><![CDATA[17:58:29.424 [Test worker] DEBUG org.springframework.test.context.junit4.SpringJUnit4ClassRunner - SpringJUnit4ClassRunner constructor called with [class com.mindex.challenge.service.impl.ReportingStructureServiceImplTests]
17:58:29.441 [Test worker] DEBUG org.springframework.test.context.BootstrapUtils - Instantiating CacheAwareContextLoaderDelegate from class [org.springframework.test.context.cache.DefaultCacheAwareContextLoaderDelegate]
17:58:29.457 [Test worker] DEBUG org.springframework.test.context.BootstrapUtils - Instantiating BootstrapContext using constructor [public org.springframework.test.context.support.DefaultBootstrapContext(java.lang.Class,org.springframework.test.context.CacheAwareContextLoaderDelegate)]
17:58:29.529 [Test worker] DEBUG org.springframework.test.context.BootstrapUtils - Instantiating TestContextBootstrapper for test class [com.mindex.challenge.service.impl.ReportingStructureServiceImplTests] from class [org.springframework.boot.test.context.SpringBootTestContextBootstrapper]
17:58:29.561 [Test worker] INFO org.springframework.boot.test.context.SpringBootTestContextBootstrapper - Neither @ContextConfiguration nor @ContextHierarchy found for test class [com.mindex.challenge.service.impl.ReportingStructureServiceImplTests], using SpringBootContextLoader
17:58:29.565 [Test worker] DEBUG org.springframework.test.context.support.AbstractContextLoader - Did not detect default resource location for test class [com.mindex.challenge.service.impl.ReportingStructureServiceImplTests]: class path resource [com/mindex/challenge/service/impl/ReportingStructureServiceImplTests-context.xml] does not exist
17:58:29.566 [Test worker] DEBUG org.springframework.test.context.support.AbstractContextLoader - Did not detect default resource location for test class [com.mindex.challenge.service.impl.ReportingStructureServiceImplTests]: class path resource [com/mindex/challenge/service/impl/ReportingStructureServiceImplTestsContext.groovy] does not exist
17:58:29.572 [Test worker] INFO org.springframework.test.context.support.AbstractContextLoader - Could not detect default resource locations for test class [com.mindex.challenge.service.impl.ReportingStructureServiceImplTests]: no resource found for suffixes {-context.xml, Context.groovy}.
17:58:29.574 [Test worker] INFO org.springframework.test.context.support.AnnotationConfigContextLoaderUtils - Could not detect default configuration classes for test class [com.mindex.challenge.service.impl.ReportingStructureServiceImplTests]: ReportingStructureServiceImplTests does not declare any static, non-private, non-final, nested classes annotated with @Configuration.
17:58:29.639 [Test worker] DEBUG org.springframework.test.context.support.ActiveProfilesUtils - Could not find an 'annotation declaring class' for annotation type [org.springframework.test.context.ActiveProfiles] and class [com.mindex.challenge.service.impl.ReportingStructureServiceImplTests]
17:58:29.746 [Test worker] DEBUG org.springframework.context.annotation.ClassPathScanningCandidateComponentProvider - Identified candidate component class: file [/Users/ashleylong/Downloads/mindex-java-code-challenge/build/classes/java/main/com/mindex/challenge/ChallengeApplication.class]
17:58:29.748 [Test worker] INFO org.springframework.boot.test.context.SpringBootTestContextBootstrapper - Found @SpringBootConfiguration com.mindex.challenge.ChallengeApplication for test class com.mindex.challenge.service.impl.ReportingStructureServiceImplTests
17:58:29.855 [Test worker] DEBUG org.springframework.boot.test.context.SpringBootTestContextBootstrapper - @TestExecutionListeners is not present for class [com.mindex.challenge.service.impl.ReportingStructureServiceImplTests]: using defaults.
17:58:29.855 [Test worker] INFO org.springframework.boot.test.context.SpringBootTestContextBootstrapper - Loaded default TestExecutionListener class names from location [META-INF/spring.factories]: [org.springframework.boot.test.autoconfigure.restdocs.RestDocsTestExecutionListener, org.springframework.boot.test.autoconfigure.web.client.MockRestServiceServerResetTestExecutionListener, org.springframework.boot.test.autoconfigure.web.servlet.MockMvcPrintOnlyOnFailureTestExecutionListener, org.springframework.boot.test.autoconfigure.web.servlet.WebDriverTestExecutionListener, org.springframework.boot.test.mock.mockito.MockitoTestExecutionListener, org.springframework.boot.test.mock.mockito.ResetMocksTestExecutionListener, org.springframework.test.context.web.ServletTestExecutionListener, org.springframework.test.context.support.DirtiesContextBeforeModesTestExecutionListener, org.springframework.test.context.support.DependencyInjectionTestExecutionListener, org.springframework.test.context.support.DirtiesContextTestExecutionListener, org.springframework.test.context.transaction.TransactionalTestExecutionListener, org.springframework.test.context.jdbc.SqlScriptsTestExecutionListener, org.springframework.test.context.event.EventPublishingTestExecutionListener]
17:58:29.879 [Test worker] INFO org.springframework.boot.test.context.SpringBootTestContextBootstrapper - Using TestExecutionListeners: [org.springframework.test.context.web.ServletTestExecutionListener@64cb136e, org.springframework.test.context.support.DirtiesContextBeforeModesTestExecutionListener@41a762b8, org.springframework.boot.test.mock.mockito.MockitoTestExecutionListener@53b51813, org.springframework.boot.test.autoconfigure.SpringBootDependencyInjectionTestExecutionListener@7a6851c2, org.springframework.test.context.support.DirtiesContextTestExecutionListener@46047d82, org.springframework.test.context.transaction.TransactionalTestExecutionListener@3ccc7558, org.springframework.test.context.jdbc.SqlScriptsTestExecutionListener@47429752, org.springframework.test.context.event.EventPublishingTestExecutionListener@7f1c3839, org.springframework.boot.test.autoconfigure.restdocs.RestDocsTestExecutionListener@1a11a235, org.springframework.boot.test.autoconfigure.web.client.MockRestServiceServerResetTestExecutionListener@45a8729a, org.springframework.boot.test.autoconfigure.web.servlet.MockMvcPrintOnlyOnFailureTestExecutionListener@1603957a, org.springframework.boot.test.autoconfigure.web.servlet.WebDriverTestExecutionListener@8c0aa73, org.springframework.boot.test.mock.mockito.ResetMocksTestExecutionListener@1f57b154]
17:58:29.882 [Test worker] DEBUG org.springframework.test.annotation.ProfileValueUtils - Retrieved @ProfileValueSourceConfiguration [null] for test class [com.mindex.challenge.service.impl.ReportingStructureServiceImplTests]
17:58:29.882 [Test worker] DEBUG org.springframework.test.annotation.ProfileValueUtils - Retrieved ProfileValueSource type [class org.springframework.test.annotation.SystemProfileValueSource] for class [com.mindex.challenge.service.impl.ReportingStructureServiceImplTests]
17:58:29.885 [Test worker] DEBUG org.springframework.test.annotation.ProfileValueUtils - Retrieved @ProfileValueSourceConfiguration [null] for test class [com.mindex.challenge.service.impl.ReportingStructureServiceImplTests]
17:58:29.885 [Test worker] DEBUG org.springframework.test.annotation.ProfileValueUtils - Retrieved ProfileValueSource type [class org.springframework.test.annotation.SystemProfileValueSource] for class [com.mindex.challenge.service.impl.ReportingStructureServiceImplTests]
17:58:29.886 [Test worker] DEBUG org.springframework.test.annotation.ProfileValueUtils - Retrieved @ProfileValueSourceConfiguration [null] for test class [com.mindex.challenge.service.impl.ReportingStructureServiceImplTests]
17:58:29.886 [Test worker] DEBUG org.springframework.test.annotation.ProfileValueUtils - Retrieved ProfileValueSource type [class org.springframework.test.annotation.SystemProfileValueSource] for class [com.mindex.challenge.service.impl.ReportingStructureServiceImplTests]
17:58:29.890 [Test worker] DEBUG org.springframework.test.context.support.AbstractDirtiesContextTestExecutionListener - Before test class: context [DefaultTestContext@1b403fe1 testClass = ReportingStructureServiceImplTests, testInstance = [null], testMethod = [null], testException = [null], mergedContextConfiguration = [WebMergedContextConfiguration@6b808090 testClass = ReportingStructureServiceImplTests, locations = '{}', classes = '{class com.mindex.challenge.ChallengeApplication}', contextInitializerClasses = '[]', activeProfiles = '{}', propertySourceLocations = '{}', propertySourceProperties = '{org.springframework.boot.test.context.SpringBootTestContextBootstrapper=true, server.port=0}', contextCustomizers = set[org.springframework.boot.test.autoconfigure.properties.PropertyMappingContextCustomizer@0, org.springframework.boot.test.autoconfigure.web.servlet.WebDriverContextCustomizerFactory$Customizer@282fe1a4, org.springframework.boot.test.context.filter.ExcludeFilterContextCustomizer@656c8941, org.springframework.boot.test.json.DuplicateJsonObjectContextCustomizerFactory$DuplicateJsonObjectContextCustomizer@750edc18, org.springframework.boot.test.mock.mockito.MockitoContextCustomizer@0, org.springframework.boot.test.web.client.TestRestTemplateContextCustomizer@1486c0e4], resourceBasePath = 'src/main/webapp', contextLoader = 'org.springframework.boot.test.context.SpringBootContextLoader', parent = [null]], attributes = map['org.springframework.test.context.web.ServletTestExecutionListener.activateListener' -> false]], class annotated with @DirtiesContext [false] with mode [null].
17:58:29.891 [Test worker] DEBUG org.springframework.test.annotation.ProfileValueUtils - Retrieved @ProfileValueSourceConfiguration [null] for test class [com.mindex.challenge.service.impl.ReportingStructureServiceImplTests]
17:58:29.892 [Test worker] DEBUG org.springframework.test.annotation.ProfileValueUtils - Retrieved ProfileValueSource type [class org.springframework.test.annotation.SystemProfileValueSource] for class [com.mindex.challenge.service.impl.ReportingStructureServiceImplTests]
17:58:29.895 [Test worker] DEBUG org.springframework.test.context.support.DependencyInjectionTestExecutionListener - Performing dependency injection for test context [[DefaultTestContext@1b403fe1 testClass = ReportingStructureServiceImplTests, testInstance = com.mindex.challenge.service.impl.ReportingStructureServiceImplTests@3842637b, testMethod = [null], testException = [null], mergedContextConfiguration = [WebMergedContextConfiguration@6b808090 testClass = ReportingStructureServiceImplTests, locations = '{}', classes = '{class com.mindex.challenge.ChallengeApplication}', contextInitializerClasses = '[]', activeProfiles = '{}', propertySourceLocations = '{}', propertySourceProperties = '{org.springframework.boot.test.context.SpringBootTestContextBootstrapper=true, server.port=0}', contextCustomizers = set[org.springframework.boot.test.autoconfigure.properties.PropertyMappingContextCustomizer@0, org.springframework.boot.test.autoconfigure.web.servlet.WebDriverContextCustomizerFactory$Customizer@282fe1a4, org.springframework.boot.test.context.filter.ExcludeFilterContextCustomizer@656c8941, org.springframework.boot.test.json.DuplicateJsonObjectContextCustomizerFactory$DuplicateJsonObjectContextCustomizer@750edc18, org.springframework.boot.test.mock.mockito.MockitoContextCustomizer@0, org.springframework.boot.test.web.client.TestRestTemplateContextCustomizer@1486c0e4], resourceBasePath = 'src/main/webapp', contextLoader = 'org.springframework.boot.test.context.SpringBootContextLoader', parent = [null]], attributes = map['org.springframework.test.context.web.ServletTestExecutionListener.activateListener' -> false]]].
17:58:29.913 [Test worker] DEBUG org.springframework.test.context.support.TestPropertySourceUtils - Adding inlined properties to environment: {spring.jmx.enabled=false, org.springframework.boot.test.context.SpringBootTestContextBootstrapper=true, server.port=0}

  .   ____          _            __ _ _
 /\\ / ___'_ __ _ _(_)_ __  __ _ \ \ \ \
( ( )\___ | '_ | '_| | '_ \/ _` | \ \ \ \
 \\/  ___)| |_)| | | | | || (_| |  ) ) ) )
  '  |____| .__|_| |_|_| |_\__, | / / / /
 =========|_|==============|___/=/_/_/_/
 :: Spring Boot ::        (v2.2.0.RELEASE)

2023-04-24 17:58:30.589  INFO 51041 --- [    Test worker] c.s.i.ReportingStructureServiceImplTests : Starting ReportingStructureServiceImplTests on Ashleys-MacBook-Pro.local with PID 51041 (started by ashleylong in /Users/ashleylong/Downloads/mindex-java-code-challenge)
2023-04-24 17:58:30.590 DEBUG 51041 --- [    Test worker] c.s.i.ReportingStructureServiceImplTests : Running with Spring Boot v2.2.0.RELEASE, Spring v5.2.0.RELEASE
2023-04-24 17:58:30.591  INFO 51041 --- [    Test worker] c.s.i.ReportingStructureServiceImplTests : No active profile set, falling back to default profiles: default
2023-04-24 17:58:31.064  INFO 51041 --- [    Test worker] .s.d.r.c.RepositoryConfigurationDelegate : Bootstrapping Spring Data repositories in DEFAULT mode.
2023-04-24 17:58:31.145  INFO 51041 --- [    Test worker] .s.d.r.c.RepositoryConfigurationDelegate : Finished Spring Data repository scanning in 69ms. Found 2 repository interfaces.
2023-04-24 17:58:32.241  INFO 51041 --- [    Test worker] o.s.b.w.embedded.tomcat.TomcatWebServer  : Tomcat initialized with port(s): 0 (http)
2023-04-24 17:58:32.258  INFO 51041 --- [    Test worker] o.apache.catalina.core.StandardService   : Starting service [Tomcat]
2023-04-24 17:58:32.258  INFO 51041 --- [    Test worker] org.apache.catalina.core.StandardEngine  : Starting Servlet engine: [Apache Tomcat/9.0.27]
2023-04-24 17:58:32.360  INFO 51041 --- [    Test worker] o.a.c.c.C.[Tomcat].[localhost].[/]       : Initializing Spring embedded WebApplicationContext
2023-04-24 17:58:32.361  INFO 51041 --- [    Test worker] o.s.web.context.ContextLoader            : Root WebApplicationContext: initialization completed in 1742 ms
2023-04-24 17:58:32.889  INFO 51041 --- [    Test worker] de.bwaldvogel.mongo.MongoServer          : started MongoServer(port: 59175, ssl: false)
2023-04-24 17:58:32.963  INFO 51041 --- [    Test worker] org.mongodb.driver.cluster               : Cluster created with settings {hosts=[127.0.0.1:59175], mode=SINGLE, requiredClusterType=UNKNOWN, serverSelectionTimeout='30000 ms', maxWaitQueueSize=500}
2023-04-24 17:58:33.090  INFO 51041 --- [-server-worker1] d.b.mongo.wire.MongoWireProtocolHandler  : client [id: 0x803c97c9, L:/127.0.0.1:59175 - R:/127.0.0.1:59176] connected
2023-04-24 17:58:33.125  WARN 51041 --- [    Test worker] o.s.data.convert.CustomConversions       : Registering converter from class java.time.LocalDateTime to class java.time.Instant as reading converter although it doesn't convert from a store-supported type! You might wanna check you annotation setup at the converter implementation.
2023-04-24 17:58:33.127  WARN 51041 --- [    Test worker] o.s.data.convert.CustomConversions       : Registering converter from class java.time.Instant to class java.time.LocalDateTime as reading converter although it doesn't convert from a store-supported type! You might wanna check you annotation setup at the converter implementation.
2023-04-24 17:58:33.133  WARN 51041 --- [    Test worker] o.s.data.convert.CustomConversions       : Registering converter from class java.time.LocalDateTime to class java.time.Instant as reading converter although it doesn't convert from a store-supported type! You might wanna check you annotation setup at the converter implementation.
2023-04-24 17:58:33.133  WARN 51041 --- [    Test worker] o.s.data.convert.CustomConversions       : Registering converter from class java.time.Instant to class java.time.LocalDateTime as reading converter although it doesn't convert from a store-supported type! You might wanna check you annotation setup at the converter implementation.
2023-04-24 17:58:33.163  INFO 51041 --- [127.0.0.1:59175] org.mongodb.driver.connection            : Opened connection [connectionId{localValue:1}] to 127.0.0.1:59175
2023-04-24 17:58:33.166  INFO 51041 --- [127.0.0.1:59175] org.mongodb.driver.cluster               : Monitor thread successfully connected to server with description ServerDescription{address=127.0.0.1:59175, type=STANDALONE, state=CONNECTED, ok=true, version=ServerVersion{versionList=[3, 0, 0]}, minWireVersion=0, maxWireVersion=2, maxDocumentSize=16777216, logicalSessionTimeoutMinutes=null, roundTripTimeNanos=1920278}
2023-04-24 17:58:33.662  INFO 51041 --- [-server-worker2] d.b.mongo.wire.MongoWireProtocolHandler  : client [id: 0x891667f8, L:/127.0.0.1:59175 - R:/127.0.0.1:59177] connected
2023-04-24 17:58:33.667  INFO 51041 --- [    Test worker] org.mongodb.driver.connection            : Opened connection [connectionId{localValue:2}] to 127.0.0.1:59175
2023-04-24 17:58:33.691  INFO 51041 --- [-server-worker2] d.b.mongo.backend.AbstractMongoBackend   : created database test
2023-04-24 17:58:33.703  INFO 51041 --- [-server-worker2] d.b.mongo.backend.AbstractMongoDatabase  : adding unique _id index for collection employee
2023-04-24 17:58:33.705  INFO 51041 --- [-server-worker2] d.b.mongo.backend.AbstractMongoDatabase  : created collection test.employee
2023-04-24 17:58:34.010  INFO 51041 --- [    Test worker] o.s.s.concurrent.ThreadPoolTaskExecutor  : Initializing ExecutorService 'applicationTaskExecutor'
2023-04-24 17:58:34.295  WARN 51041 --- [    Test worker] o.s.data.convert.CustomConversions       : Registering converter from class java.time.LocalDateTime to class java.time.Instant as reading converter although it doesn't convert from a store-supported type! You might wanna check you annotation setup at the converter implementation.
2023-04-24 17:58:34.295  WARN 51041 --- [    Test worker] o.s.data.convert.CustomConversions       : Registering converter from class java.time.Instant to class java.time.LocalDateTime as reading converter although it doesn't convert from a store-supported type! You might wanna check you annotation setup at the converter implementation.
2023-04-24 17:58:34.321  WARN 51041 --- [    Test worker] o.s.data.convert.CustomConversions       : Registering converter from class java.time.LocalDateTime to class java.time.Instant as reading converter although it doesn't convert from a store-supported type! You might wanna check you annotation setup at the converter implementation.
2023-04-24 17:58:34.321  WARN 51041 --- [    Test worker] o.s.data.convert.CustomConversions       : Registering converter from class java.time.Instant to class java.time.LocalDateTime as reading converter although it doesn't convert from a store-supported type! You might wanna check you annotation setup at the converter implementation.
2023-04-24 17:58:34.449  INFO 51041 --- [    Test worker] o.s.b.w.embedded.tomcat.TomcatWebServer  : Tomcat started on port(s): 59178 (http) with context path ''
2023-04-24 17:58:34.452  INFO 51041 --- [    Test worker] c.s.i.ReportingStructureServiceImplTests : Started ReportingStructureServiceImplTests in 4.536 seconds (JVM running for 5.984)
2023-04-24 17:58:34.806  INFO 51041 --- [o-auto-1-exec-1] o.a.c.c.C.[Tomcat].[localhost].[/]       : Initializing Spring DispatcherServlet 'dispatcherServlet'
2023-04-24 17:58:34.806  INFO 51041 --- [o-auto-1-exec-1] o.s.web.servlet.DispatcherServlet        : Initializing Servlet 'dispatcherServlet'
2023-04-24 17:58:34.826  INFO 51041 --- [o-auto-1-exec-1] o.s.web.servlet.DispatcherServlet        : Completed initialization in 20 ms
2023-04-24 17:58:34.867 DEBUG 51041 --- [o-auto-1-exec-1] c.m.c.c.ReportingStructureController     : Recieved request to calculate direct reports for employee [16a596ae-edd3-4847-99fe-c4518e82c86f]
2023-04-24 17:58:34.868 DEBUG 51041 --- [o-auto-1-exec-1] c.m.c.s.i.ReportingStructureServiceImpl  : Calculating reporting structure for employeeID: [16a596ae-edd3-4847-99fe-c4518e82c86f]
2023-04-24 17:58:34.925 DEBUG 51041 --- [o-auto-1-exec-1] c.m.c.s.i.ReportingStructureServiceImpl  : building employee [John Lennon]
2023-04-24 17:58:34.926 DEBUG 51041 --- [o-auto-1-exec-1] c.m.c.s.i.ReportingStructureServiceImpl  : there
2023-04-24 17:58:34.930 DEBUG 51041 --- [o-auto-1-exec-1] c.m.c.s.i.ReportingStructureServiceImpl  : Paul
2023-04-24 17:58:34.930 DEBUG 51041 --- [o-auto-1-exec-1] c.m.c.s.i.ReportingStructureServiceImpl  : there
2023-04-24 17:58:34.933 DEBUG 51041 --- [o-auto-1-exec-1] c.m.c.s.i.ReportingStructureServiceImpl  : Ringo
2023-04-24 17:58:34.933 DEBUG 51041 --- [o-auto-1-exec-1] c.m.c.s.i.ReportingStructureServiceImpl  : size [2] - [John]
2023-04-24 17:58:34.934 DEBUG 51041 --- [o-auto-1-exec-1] c.m.c.s.i.ReportingStructureServiceImpl  : No direct reports for employee: [Paul McCartney].
2023-04-24 17:58:34.934 DEBUG 51041 --- [o-auto-1-exec-1] c.m.c.s.i.ReportingStructureServiceImpl  : No direct reports for employee: [null null].
2023-04-24 17:58:34.935 DEBUG 51041 --- [o-auto-1-exec-1] c.m.c.s.i.ReportingStructureServiceImpl  : No direct reports for employee: [null null].
]]></system-out>
  <system-err><![CDATA[]]></system-err>
</testsuite>
